[debug] [2026-06-24T17:52:39.078Z] ----------------------------------------------------------------------
[debug] [2026-06-24T17:52:39.082Z] Command:       C:\nvm4w\nodejs\node.exe C:\nvm4w\nodejs\node_modules\firebase-tools\lib\bin\firebase.js init hosting
[debug] [2026-06-24T17:52:39.082Z] CLI Version:   15.22.1
[debug] [2026-06-24T17:52:39.083Z] Platform:      win32
[debug] [2026-06-24T17:52:39.083Z] Node Version:  v20.19.4
[debug] [2026-06-24T17:52:39.083Z] Detected Agent: unknown
[debug] [2026-06-24T17:52:39.083Z] Time:          Wed Jun 24 2026 23:22:39 GMT+0530 (India Standard Time)
[debug] [2026-06-24T17:52:39.083Z] ----------------------------------------------------------------------
[debug] 
[info] 
     ######## #### ########  ######## ########     ###     ######  ########
     ##        ##  ##     ## ##       ##     ##  ##   ##  ##       ##
     ######    ##  ########  ######   ########  #########  ######  ######
     ##        ##  ##    ##  ##       ##     ## ##     ##       ## ##
     ##       #### ##     ## ######## ########  ##     ##  ######  ########

You're about to initialize a Firebase project in this directory:

  C:\Users\admin\desktop\ResumeBuilderNew

[info] 
=== Project Setup
[info] 
[info] First, let's associate this project directory with a Firebase project.
[info] You can create multiple project aliases by running firebase use --add, 
[info] 
[debug] [2026-06-24T17:52:46.737Z] > command requires scopes: ["email","openid","https://www.googleapis.com/auth/cloudplatformprojects.readonly","https://www.googleapis.com/auth/firebase","https://www.googleapis.com/auth/cloud-platform"]
[debug] [2026-06-24T17:52:46.738Z] > authorizing via signed-in user (mahermendke060@gmail.com)
[debug] [2026-06-24T17:52:46.740Z] Checked if tokens are valid: true, expires at: 1782326769763
[debug] [2026-06-24T17:52:46.740Z] Checked if tokens are valid: true, expires at: 1782326769763
[debug] [2026-06-24T17:52:46.742Z] >>> [apiv2][query] GET https://firebase.googleapis.com/v1beta1/projects/health-virtual-assistant-5af9f [none]
[debug] [2026-06-24T17:52:47.682Z] <<< [apiv2][status] GET https://firebase.googleapis.com/v1beta1/projects/health-virtual-assistant-5af9f 200
[debug] [2026-06-24T17:52:47.682Z] <<< [apiv2][body] GET https://firebase.googleapis.com/v1beta1/projects/health-virtual-assistant-5af9f {"projectId":"health-virtual-assistant-5af9f","projectNumber":"930919256415","displayName":"Health Virtual Assistant","name":"projects/health-virtual-assistant-5af9f","resources":{"hostingSite":"health-virtual-assistant-5af9f"},"state":"ACTIVE","etag":"1_22d874b9-8b0a-4e66-b4b7-d185d2f7b2fc"}
[info] i  Using project health-virtual-assistant-5af9f (Health Virtual Assistant) . 
[info] 
=== Hosting Setup
[debug] [2026-06-24T17:52:47.697Z] Checked if tokens are valid: true, expires at: 1782326769763
[debug] [2026-06-24T17:52:47.697Z] Checked if tokens are valid: true, expires at: 1782326769763
[debug] [2026-06-24T17:52:47.697Z] >>> [apiv2][query] GET https://firebase.googleapis.com/v1beta1/projects/health-virtual-assistant-5af9f [none]
[debug] [2026-06-24T17:52:48.270Z] <<< [apiv2][status] GET https://firebase.googleapis.com/v1beta1/projects/health-virtual-assistant-5af9f 200
[debug] [2026-06-24T17:52:48.270Z] <<< [apiv2][body] GET https://firebase.googleapis.com/v1beta1/projects/health-virtual-assistant-5af9f {"projectId":"health-virtual-assistant-5af9f","projectNumber":"930919256415","displayName":"Health Virtual Assistant","name":"projects/health-virtual-assistant-5af9f","resources":{"hostingSite":"health-virtual-assistant-5af9f"},"state":"ACTIVE","etag":"1_22d874b9-8b0a-4e66-b4b7-d185d2f7b2fc"}
[info] 
[info] Your public directory is the folder (relative to your project directory) that
[info] will contain Hosting assets to be uploaded with firebase deploy. If you
[info] have a build process for your assets, use your build's output directory.
[info] 
[debug] [2026-06-24T17:52:58.287Z] ExitPromptError: User force closed the prompt with SIGINT
    at Interface.sigint (C:\Users\admin\AppData\Local\nvm\v20.19.4\node_modules\firebase-tools\node_modules\@inquirer\core\dist\commonjs\lib\create-prompt.js:101:37)
    at Interface.emit (node:events:524:28)
    at [_ttyWrite] [as _ttyWrite] (node:internal/readline/interface:1125:18)
    at ReadStream.onkeypress (node:internal/readline/interface:264:20)
    at ReadStream.emit (node:events:536:35)
    at emitKeys (node:internal/readline/utils:371:14)
    at emitKeys.next (<anonymous>)
    at ReadStream.onData (node:internal/readline/emitKeypressEvents:64:36)
    at ReadStream.emit (node:events:524:28)
    at addChunk (node:internal/streams/readable:561:12)
[error] 
[error] Error: An unexpected error has occurred.
